INFO buildroot.py:317:  Mock Version: 1.3.4
DEBUG util.py:109:  ensuring that dir exists: /var/lib/mock/nethserver-7-x86_64/root/dev/pts
DEBUG util.py:112:  creating dir: /var/lib/mock/nethserver-7-x86_64/root/dev/pts
DEBUG util.py:109:  ensuring that dir exists: /var/lib/mock/nethserver-7-x86_64/root/dev/shm
DEBUG util.py:112:  creating dir: /var/lib/mock/nethserver-7-x86_64/root/dev/shm
DEBUG buildroot.py:448:  kernel version == 4.9.14-200.fc25.x86_64
DEBUG util.py:122:  touching file: /var/lib/mock/nethserver-7-x86_64/root/etc/fstab
DEBUG util.py:122:  touching file: /var/lib/mock/nethserver-7-x86_64/root/etc/yum.conf
DEBUG util.py:122:  touching file: /var/lib/mock/nethserver-7-x86_64/root/etc/dnf.conf
DEBUG util.py:122:  touching file: /var/lib/mock/nethserver-7-x86_64/root/var/log/yum.log
DEBUG util.py:598:  child environment: None
DEBUG util.py:522:  Executing command: ['/bin/mount', '-n', '-t', 'proc', 'proc', '/var/lib/mock/nethserver-7-x86_64/root/proc'] with env {'HOSTNAME': 'mock', 'LANG': 'C', 'TERM': 'vt100', 'PATH': '/usr/bin:/bin:/usr/sbin:/sbin', 'SHELL': '/bin/sh', 'HOME': '/builddir'} and shell False
DEBUG util.py:577:  Child return code was: 0
DEBUG util.py:598:  child environment: None
DEBUG util.py:522:  Executing command: ['/bin/mount', '-n', '-t', 'sysfs', 'sysfs', '/var/lib/mock/nethserver-7-x86_64/root/sys'] with env {'HOSTNAME': 'mock', 'LANG': 'C', 'TERM': 'vt100', 'PATH': '/usr/bin:/bin:/usr/sbin:/sbin', 'SHELL': '/bin/sh', 'HOME': '/builddir'} and shell False
DEBUG util.py:577:  Child return code was: 0
DEBUG util.py:598:  child environment: None
DEBUG util.py:522:  Executing command: ['/bin/mount', '-n', '-t', 'tmpfs', 'tmpfs', '/var/lib/mock/nethserver-7-x86_64/root/dev/shm'] with env {'HOSTNAME': 'mock', 'LANG': 'C', 'TERM': 'vt100', 'PATH': '/usr/bin:/bin:/usr/sbin:/sbin', 'SHELL': '/bin/sh', 'HOME': '/builddir'} and shell False
DEBUG util.py:577:  Child return code was: 0
DEBUG util.py:598:  child environment: None
DEBUG util.py:522:  Executing command: ['/bin/mount', '-n', '-t', 'devpts', '-o', 'gid=5,mode=0620,ptmxmode=0666,newinstance', 'devpts', '/var/lib/mock/nethserver-7-x86_64/root/dev/pts'] with env {'HOSTNAME': 'mock', 'LANG': 'C', 'TERM': 'vt100', 'PATH': '/usr/bin:/bin:/usr/sbin:/sbin', 'SHELL': '/bin/sh', 'HOME': '/builddir'} and shell False
DEBUG util.py:577:  Child return code was: 0
DEBUG util.py:598:  child environment: None
DEBUG util.py:522:  Executing command: ['/bin/mount', '-n', '--bind', '/var/cache/mock/nethserver-7-x86_64/yum_cache/', '/var/lib/mock/nethserver-7-x86_64/root/var/cache/yum/'] with env {'HOSTNAME': 'mock', 'LANG': 'C', 'TERM': 'vt100', 'PATH': '/usr/bin:/bin:/usr/sbin:/sbin', 'SHELL': '/bin/sh', 'HOME': '/builddir'} and shell False
DEBUG util.py:577:  Child return code was: 0
DEBUG util.py:598:  child environment: None
DEBUG util.py:522:  Executing command: ['/bin/mount', '-n', '--bind', '/tmp/mock-selinux-plugin.602py6x4', '/var/lib/mock/nethserver-7-x86_64/root/proc/filesystems'] with env {'HOSTNAME': 'mock', 'LANG': 'C', 'TERM': 'vt100', 'PATH': '/usr/bin:/bin:/usr/sbin:/sbin', 'SHELL': '/bin/sh', 'HOME': '/builddir'} and shell False
DEBUG util.py:577:  Child return code was: 0
DEBUG buildroot.py:136:  rootdir = /var/lib/mock/nethserver-7-x86_64/root
DEBUG buildroot.py:137:  resultdir = .
DEBUG util.py:109:  ensuring that dir exists: /var/lib/mock/nethserver-7-x86_64/root/etc/pki/mock
DEBUG util.py:109:  ensuring that dir exists: /var/lib/mock/nethserver-7-x86_64/root/etc/yum/pluginconf.d
DEBUG package_manager.py:211:  configure yum
DEBUG package_manager.py:217:  configure yum priorities
DEBUG package_manager.py:219:  configure yum rhnplugin
DEBUG util.py:598:  child environment: None
DEBUG util.py:522:  Executing command: ['/usr/sbin/userdel', '-r', '-f', 'mockbuild'] with env {'PROMPT_COMMAND': 'printf "\\033]0;<mock-chroot>\\007"', 'TERM': 'vt100', 'PS1': '<mock-chroot> \\s-\\v\\$ ', 'PATH': '/usr/bin:/bin:/usr/sbin:/sbin', 'SHELL': '/bin/bash', 'HOSTNAME': 'mock', 'LANG': 'C', 'HOME': '/builddir'} and shell False
DEBUG util.py:296:  Unsharing. Flags: 134217728
DEBUG util.py:577:  Child return code was: 0
DEBUG util.py:598:  child environment: None
DEBUG util.py:522:  Executing command: ['/usr/sbin/groupdel', 'mockbuild'] with env {'PROMPT_COMMAND': 'printf "\\033]0;<mock-chroot>\\007"', 'TERM': 'vt100', 'PS1': '<mock-chroot> \\s-\\v\\$ ', 'PATH': '/usr/bin:/bin:/usr/sbin:/sbin', 'SHELL': '/bin/bash', 'HOSTNAME': 'mock', 'LANG': 'C', 'HOME': '/builddir'} and shell False
DEBUG util.py:296:  Unsharing. Flags: 134217728
DEBUG util.py:439:  groupdel: group 'mockbuild' does not exist
DEBUG util.py:577:  Child return code was: 6
DEBUG util.py:598:  child environment: None
DEBUG util.py:522:  Executing command: ['/usr/sbin/groupadd', '-g', '135', 'mockbuild'] with env {'PROMPT_COMMAND': 'printf "\\033]0;<mock-chroot>\\007"', 'TERM': 'vt100', 'PS1': '<mock-chroot> \\s-\\v\\$ ', 'PATH': '/usr/bin:/bin:/usr/sbin:/sbin', 'SHELL': '/bin/bash', 'HOSTNAME': 'mock', 'LANG': 'C', 'HOME': '/builddir'} and shell False
DEBUG util.py:296:  Unsharing. Flags: 134217728
DEBUG util.py:577:  Child return code was: 0
DEBUG util.py:598:  child environment: None
DEBUG util.py:522:  Executing command: ['/usr/sbin/useradd', '-o', '-m', '-u', '1000', '-g', '135', '-d', '/builddir', '-n', 'mockbuild'] with env {'PROMPT_COMMAND': 'printf "\\033]0;<mock-chroot>\\007"', 'TERM': 'vt100', 'PS1': '<mock-chroot> \\s-\\v\\$ ', 'PATH': '/usr/bin:/bin:/usr/sbin:/sbin', 'SHELL': '/bin/bash', 'HOSTNAME': 'mock', 'LANG': 'C', 'HOME': '/builddir'} and shell False
DEBUG util.py:296:  Unsharing. Flags: 134217728
DEBUG util.py:577:  Child return code was: 0
DEBUG util.py:109:  ensuring that dir exists: /var/lib/mock/nethserver-7-x86_64/root/builddir/build/RPMS
DEBUG util.py:112:  creating dir: /var/lib/mock/nethserver-7-x86_64/root/builddir/build/RPMS
DEBUG util.py:109:  ensuring that dir exists: /var/lib/mock/nethserver-7-x86_64/root/builddir/build/SPECS
DEBUG util.py:112:  creating dir: /var/lib/mock/nethserver-7-x86_64/root/builddir/build/SPECS
DEBUG util.py:109:  ensuring that dir exists: /var/lib/mock/nethserver-7-x86_64/root/builddir/build/SRPMS
DEBUG util.py:112:  creating dir: /var/lib/mock/nethserver-7-x86_64/root/builddir/build/SRPMS
DEBUG util.py:109:  ensuring that dir exists: /var/lib/mock/nethserver-7-x86_64/root/builddir/build/SOURCES
DEBUG util.py:112:  creating dir: /var/lib/mock/nethserver-7-x86_64/root/builddir/build/SOURCES
DEBUG util.py:109:  ensuring that dir exists: /var/lib/mock/nethserver-7-x86_64/root/builddir/build/BUILD
DEBUG util.py:112:  creating dir: /var/lib/mock/nethserver-7-x86_64/root/builddir/build/BUILD
DEBUG util.py:109:  ensuring that dir exists: /var/lib/mock/nethserver-7-x86_64/root/builddir/build/BUILDROOT
DEBUG util.py:112:  creating dir: /var/lib/mock/nethserver-7-x86_64/root/builddir/build/BUILDROOT
DEBUG util.py:109:  ensuring that dir exists: /var/lib/mock/nethserver-7-x86_64/root/builddir/build/originals
DEBUG util.py:112:  creating dir: /var/lib/mock/nethserver-7-x86_64/root/builddir/build/originals
DEBUG package_manager.py:104:  ['/usr/bin/yum-deprecated', '--installroot', '/var/lib/mock/nethserver-7-x86_64/root/', '-y', 'update']
DEBUG util.py:598:  child environment: None
DEBUG util.py:522:  Executing command: ['/usr/bin/yum-deprecated', '--installroot', '/var/lib/mock/nethserver-7-x86_64/root/', '-y', 'update', '--setopt=tsflags=nocontexts'] with env {'PROMPT_COMMAND': 'printf "\\033]0;<mock-chroot>\\007"', 'TERM': 'vt100', 'PS1': '<mock-chroot> \\s-\\v\\$ ', 'PATH': '/usr/bin:/bin:/usr/sbin:/sbin', 'SHELL': '/bin/bash', 'HOSTNAME': 'mock', 'LANG': 'C', 'HOME': '/builddir', 'LC_MESSAGES': 'C'} and shell False
DEBUG util.py:439:  Yum command has been deprecated, use dnf instead.
DEBUG util.py:439:  See 'man dnf' and 'man yum2dnf' for more information.
DEBUG util.py:439:  ==============================================================================================================================================================
DEBUG util.py:439:   Package                                    Arch                           Version                                      Repository                       Size
DEBUG util.py:439:  ==============================================================================================================================================================
DEBUG util.py:439:  Updating:
DEBUG util.py:439:   ca-certificates                            noarch                         2017.2.11-70.1.el7_3                         updates                         443 k
DEBUG util.py:439:   kernel-headers                             x86_64                         3.10.0-514.16.1.el7                          updates                         4.8 M
DEBUG util.py:439:   libblkid                                   x86_64                         2.23.2-33.el7_3.2                            updates                         170 k
DEBUG util.py:439:   libmount                                   x86_64                         2.23.2-33.el7_3.2                            updates                         172 k
DEBUG util.py:439:   libuuid                                    x86_64                         2.23.2-33.el7_3.2                            updates                          76 k
DEBUG util.py:439:   python-rpm-macros                          noarch                         3-17.el7                                     epel                            6.1 k
DEBUG util.py:439:   python-srpm-macros                         noarch                         3-17.el7                                     epel                            5.9 k
DEBUG util.py:439:   python2-rpm-macros                         noarch                         3-17.el7                                     epel                            5.6 k
DEBUG util.py:439:   systemd-libs                               x86_64                         219-30.el7_3.8                               updates                         369 k
DEBUG util.py:439:   util-linux                                 x86_64                         2.23.2-33.el7_3.2                            updates                         1.9 M
DEBUG util.py:439:  Transaction Summary
DEBUG util.py:439:  ==============================================================================================================================================================
DEBUG util.py:439:  Upgrade  10 Packages
DEBUG util.py:439:  Total size: 7.9 M
DEBUG util.py:439:  Updated:
DEBUG util.py:439:    ca-certificates.noarch 0:2017.2.11-70.1.el7_3           kernel-headers.x86_64 0:3.10.0-514.16.1.el7           libblkid.x86_64 0:2.23.2-33.el7_3.2           
DEBUG util.py:439:    libmount.x86_64 0:2.23.2-33.el7_3.2                     libuuid.x86_64 0:2.23.2-33.el7_3.2                    python-rpm-macros.noarch 0:3-17.el7           
DEBUG util.py:439:    python-srpm-macros.noarch 0:3-17.el7                    python2-rpm-macros.noarch 0:3-17.el7                  systemd-libs.x86_64 0:219-30.el7_3.8          
DEBUG util.py:439:    util-linux.x86_64 0:2.23.2-33.el7_3.2                  
DEBUG util.py:577:  Child return code was: 0
DEBUG util.py:122:  touching file: /var/lib/mock/nethserver-7-x86_64/root/.initialized
DEBUG util.py:598:  child environment: None
DEBUG util.py:296:  Unsharing. Flags: 134217728
DEBUG backend.py:345:  Copying package to result dir
DEBUG util.py:188:  kill orphans
DEBUG util.py:598:  child environment: None
DEBUG util.py:522:  Executing command: ['/bin/umount', '-n', '/var/lib/mock/nethserver-7-x86_64/root/proc/filesystems'] with env {'HOSTNAME': 'mock', 'LANG': 'C', 'TERM': 'vt100', 'PATH': '/usr/bin:/bin:/usr/sbin:/sbin', 'SHELL': '/bin/sh', 'HOME': '/builddir'} and shell False
DEBUG util.py:577:  Child return code was: 0
DEBUG util.py:598:  child environment: None
DEBUG util.py:522:  Executing command: ['/bin/umount', '-n', '/var/lib/mock/nethserver-7-x86_64/root/var/cache/yum/'] with env {'HOSTNAME': 'mock', 'LANG': 'C', 'TERM': 'vt100', 'PATH': '/usr/bin:/bin:/usr/sbin:/sbin', 'SHELL': '/bin/sh', 'HOME': '/builddir'} and shell False
DEBUG util.py:577:  Child return code was: 0
DEBUG util.py:598:  child environment: None
DEBUG util.py:522:  Executing command: ['/bin/umount', '-n', '-l', '/var/lib/mock/nethserver-7-x86_64/root/dev/pts'] with env {'HOSTNAME': 'mock', 'LANG': 'C', 'TERM': 'vt100', 'PATH': '/usr/bin:/bin:/usr/sbin:/sbin', 'SHELL': '/bin/sh', 'HOME': '/builddir'} and shell False
DEBUG util.py:577:  Child return code was: 0
DEBUG util.py:598:  child environment: None
DEBUG util.py:522:  Executing command: ['/bin/umount', '-n', '-l', '/var/lib/mock/nethserver-7-x86_64/root/dev/shm'] with env {'HOSTNAME': 'mock', 'LANG': 'C', 'TERM': 'vt100', 'PATH': '/usr/bin:/bin:/usr/sbin:/sbin', 'SHELL': '/bin/sh', 'HOME': '/builddir'} and shell False
DEBUG util.py:577:  Child return code was: 0
DEBUG util.py:598:  child environment: None
DEBUG util.py:522:  Executing command: ['/bin/umount', '-n', '-l', '/var/lib/mock/nethserver-7-x86_64/root/sys'] with env {'HOSTNAME': 'mock', 'LANG': 'C', 'TERM': 'vt100', 'PATH': '/usr/bin:/bin:/usr/sbin:/sbin', 'SHELL': '/bin/sh', 'HOME': '/builddir'} and shell False
DEBUG util.py:577:  Child return code was: 0
DEBUG util.py:598:  child environment: None
DEBUG util.py:522:  Executing command: ['/bin/umount', '-n', '-l', '/var/lib/mock/nethserver-7-x86_64/root/proc'] with env {'HOSTNAME': 'mock', 'LANG': 'C', 'TERM': 'vt100', 'PATH': '/usr/bin:/bin:/usr/sbin:/sbin', 'SHELL': '/bin/sh', 'HOME': '/builddir'} and shell False
DEBUG util.py:577:  Child return code was: 0
DEBUG util.py:598:  child environment: None
DEBUG util.py:522:  Executing command: ['btrfs', 'subv', 'list', '/var/lib/mock'] with env {'HOSTNAME': 'mock', 'LANG': 'C', 'TERM': 'vt100', 'PATH': '/usr/bin:/bin:/usr/sbin:/sbin', 'SHELL': '/bin/sh', 'HOME': '/builddir'} and shell False
DEBUG util.py:439:  ERROR: not a btrfs filesystem: /var/lib/mock
DEBUG util.py:439:  ERROR: can't access '/var/lib/mock'
DEBUG util.py:577:  Child return code was: 1
DEBUG util.py:1257:  Please ignore the error above above about btrfs.
INFO buildroot.py:317:  Mock Version: 1.3.4
DEBUG util.py:109:  ensuring that dir exists: /var/lib/mock/nethserver-7-x86_64/root/dev/pts
DEBUG util.py:112:  creating dir: /var/lib/mock/nethserver-7-x86_64/root/dev/pts
DEBUG util.py:109:  ensuring that dir exists: /var/lib/mock/nethserver-7-x86_64/root/dev/shm
DEBUG util.py:112:  creating dir: /var/lib/mock/nethserver-7-x86_64/root/dev/shm
DEBUG buildroot.py:448:  kernel version == 4.9.14-200.fc25.x86_64
DEBUG util.py:122:  touching file: /var/lib/mock/nethserver-7-x86_64/root/etc/fstab
DEBUG util.py:122:  touching file: /var/lib/mock/nethserver-7-x86_64/root/etc/yum.conf
DEBUG util.py:122:  touching file: /var/lib/mock/nethserver-7-x86_64/root/etc/dnf.conf
DEBUG util.py:122:  touching file: /var/lib/mock/nethserver-7-x86_64/root/var/log/yum.log
DEBUG util.py:598:  child environment: None
DEBUG util.py:522:  Executing command: ['/bin/mount', '-n', '-t', 'proc', 'proc', '/var/lib/mock/nethserver-7-x86_64/root/proc'] with env {'PATH': '/usr/bin:/bin:/usr/sbin:/sbin', 'TERM': 'vt100', 'HOME': '/builddir', 'SHELL': '/bin/sh', 'HOSTNAME': 'mock', 'LANG': 'C'} and shell False
DEBUG util.py:577:  Child return code was: 0
DEBUG util.py:598:  child environment: None
DEBUG util.py:522:  Executing command: ['/bin/mount', '-n', '-t', 'sysfs', 'sysfs', '/var/lib/mock/nethserver-7-x86_64/root/sys'] with env {'PATH': '/usr/bin:/bin:/usr/sbin:/sbin', 'TERM': 'vt100', 'HOME': '/builddir', 'SHELL': '/bin/sh', 'HOSTNAME': 'mock', 'LANG': 'C'} and shell False
DEBUG util.py:577:  Child return code was: 0
DEBUG util.py:598:  child environment: None
DEBUG util.py:522:  Executing command: ['/bin/mount', '-n', '-t', 'tmpfs', 'tmpfs', '/var/lib/mock/nethserver-7-x86_64/root/dev/shm'] with env {'PATH': '/usr/bin:/bin:/usr/sbin:/sbin', 'TERM': 'vt100', 'HOME': '/builddir', 'SHELL': '/bin/sh', 'HOSTNAME': 'mock', 'LANG': 'C'} and shell False
DEBUG util.py:577:  Child return code was: 0
DEBUG util.py:598:  child environment: None
DEBUG util.py:522:  Executing command: ['/bin/mount', '-n', '-t', 'devpts', '-o', 'gid=5,mode=0620,ptmxmode=0666,newinstance', 'devpts', '/var/lib/mock/nethserver-7-x86_64/root/dev/pts'] with env {'PATH': '/usr/bin:/bin:/usr/sbin:/sbin', 'TERM': 'vt100', 'HOME': '/builddir', 'SHELL': '/bin/sh', 'HOSTNAME': 'mock', 'LANG': 'C'} and shell False
DEBUG util.py:577:  Child return code was: 0
DEBUG util.py:598:  child environment: None
DEBUG util.py:522:  Executing command: ['/bin/mount', '-n', '--bind', '/var/cache/mock/nethserver-7-x86_64/yum_cache/', '/var/lib/mock/nethserver-7-x86_64/root/var/cache/yum/'] with env {'PATH': '/usr/bin:/bin:/usr/sbin:/sbin', 'TERM': 'vt100', 'HOME': '/builddir', 'SHELL': '/bin/sh', 'HOSTNAME': 'mock', 'LANG': 'C'} and shell False
DEBUG util.py:577:  Child return code was: 0
DEBUG util.py:598:  child environment: None
DEBUG util.py:522:  Executing command: ['/bin/mount', '-n', '--bind', '/tmp/mock-selinux-plugin.3nu4hj76', '/var/lib/mock/nethserver-7-x86_64/root/proc/filesystems'] with env {'PATH': '/usr/bin:/bin:/usr/sbin:/sbin', 'TERM': 'vt100', 'HOME': '/builddir', 'SHELL': '/bin/sh', 'HOSTNAME': 'mock', 'LANG': 'C'} and shell False
DEBUG util.py:577:  Child return code was: 0
DEBUG buildroot.py:136:  rootdir = /var/lib/mock/nethserver-7-x86_64/root
DEBUG buildroot.py:137:  resultdir = .
DEBUG util.py:109:  ensuring that dir exists: /var/lib/mock/nethserver-7-x86_64/root/etc/pki/mock
DEBUG util.py:109:  ensuring that dir exists: /var/lib/mock/nethserver-7-x86_64/root/etc/yum/pluginconf.d
DEBUG package_manager.py:211:  configure yum
DEBUG package_manager.py:217:  configure yum priorities
DEBUG package_manager.py:219:  configure yum rhnplugin
DEBUG util.py:598:  child environment: None
DEBUG util.py:522:  Executing command: ['/usr/sbin/userdel', '-r', '-f', 'mockbuild'] with env {'HOME': '/builddir', 'SHELL': '/bin/bash', 'HOSTNAME': 'mock', 'TERM': 'vt100', 'PROMPT_COMMAND': 'printf "\\033]0;<mock-chroot>\\007"', 'PS1': '<mock-chroot> \\s-\\v\\$ ', 'PATH': '/usr/bin:/bin:/usr/sbin:/sbin', 'LANG': 'C'} and shell False
DEBUG util.py:296:  Unsharing. Flags: 134217728
DEBUG util.py:577:  Child return code was: 0
DEBUG util.py:598:  child environment: None
DEBUG util.py:522:  Executing command: ['/usr/sbin/groupdel', 'mockbuild'] with env {'HOME': '/builddir', 'SHELL': '/bin/bash', 'HOSTNAME': 'mock', 'TERM': 'vt100', 'PROMPT_COMMAND': 'printf "\\033]0;<mock-chroot>\\007"', 'PS1': '<mock-chroot> \\s-\\v\\$ ', 'PATH': '/usr/bin:/bin:/usr/sbin:/sbin', 'LANG': 'C'} and shell False
DEBUG util.py:296:  Unsharing. Flags: 134217728
DEBUG util.py:439:  groupdel: group 'mockbuild' does not exist
DEBUG util.py:577:  Child return code was: 6
DEBUG util.py:598:  child environment: None
DEBUG util.py:522:  Executing command: ['/usr/sbin/groupadd', '-g', '135', 'mockbuild'] with env {'HOME': '/builddir', 'SHELL': '/bin/bash', 'HOSTNAME': 'mock', 'TERM': 'vt100', 'PROMPT_COMMAND': 'printf "\\033]0;<mock-chroot>\\007"', 'PS1': '<mock-chroot> \\s-\\v\\$ ', 'PATH': '/usr/bin:/bin:/usr/sbin:/sbin', 'LANG': 'C'} and shell False
DEBUG util.py:296:  Unsharing. Flags: 134217728
DEBUG util.py:577:  Child return code was: 0
DEBUG util.py:598:  child environment: None
DEBUG util.py:522:  Executing command: ['/usr/sbin/useradd', '-o', '-m', '-u', '1000', '-g', '135', '-d', '/builddir', '-n', 'mockbuild'] with env {'HOME': '/builddir', 'SHELL': '/bin/bash', 'HOSTNAME': 'mock', 'TERM': 'vt100', 'PROMPT_COMMAND': 'printf "\\033]0;<mock-chroot>\\007"', 'PS1': '<mock-chroot> \\s-\\v\\$ ', 'PATH': '/usr/bin:/bin:/usr/sbin:/sbin', 'LANG': 'C'} and shell False
DEBUG util.py:296:  Unsharing. Flags: 134217728
DEBUG util.py:577:  Child return code was: 0
DEBUG util.py:109:  ensuring that dir exists: /var/lib/mock/nethserver-7-x86_64/root/builddir/build/RPMS
DEBUG util.py:112:  creating dir: /var/lib/mock/nethserver-7-x86_64/root/builddir/build/RPMS
DEBUG util.py:109:  ensuring that dir exists: /var/lib/mock/nethserver-7-x86_64/root/builddir/build/SPECS
DEBUG util.py:112:  creating dir: /var/lib/mock/nethserver-7-x86_64/root/builddir/build/SPECS
DEBUG util.py:109:  ensuring that dir exists: /var/lib/mock/nethserver-7-x86_64/root/builddir/build/SRPMS
DEBUG util.py:112:  creating dir: /var/lib/mock/nethserver-7-x86_64/root/builddir/build/SRPMS
DEBUG util.py:109:  ensuring that dir exists: /var/lib/mock/nethserver-7-x86_64/root/builddir/build/SOURCES
DEBUG util.py:112:  creating dir: /var/lib/mock/nethserver-7-x86_64/root/builddir/build/SOURCES
DEBUG util.py:109:  ensuring that dir exists: /var/lib/mock/nethserver-7-x86_64/root/builddir/build/BUILD
DEBUG util.py:112:  creating dir: /var/lib/mock/nethserver-7-x86_64/root/builddir/build/BUILD
DEBUG util.py:109:  ensuring that dir exists: /var/lib/mock/nethserver-7-x86_64/root/builddir/build/BUILDROOT
DEBUG util.py:112:  creating dir: /var/lib/mock/nethserver-7-x86_64/root/builddir/build/BUILDROOT
DEBUG util.py:109:  ensuring that dir exists: /var/lib/mock/nethserver-7-x86_64/root/builddir/build/originals
DEBUG util.py:112:  creating dir: /var/lib/mock/nethserver-7-x86_64/root/builddir/build/originals
DEBUG package_manager.py:104:  ['/usr/bin/yum-deprecated', '--installroot', '/var/lib/mock/nethserver-7-x86_64/root/', '-y', 'update']
DEBUG util.py:598:  child environment: None
DEBUG util.py:522:  Executing command: ['/usr/bin/yum-deprecated', '--installroot', '/var/lib/mock/nethserver-7-x86_64/root/', '-y', 'update', '--setopt=tsflags=nocontexts'] with env {'HOME': '/builddir', 'SHELL': '/bin/bash', 'HOSTNAME': 'mock', 'TERM': 'vt100', 'PROMPT_COMMAND': 'printf "\\033]0;<mock-chroot>\\007"', 'PS1': '<mock-chroot> \\s-\\v\\$ ', 'LC_MESSAGES': 'C', 'PATH': '/usr/bin:/bin:/usr/sbin:/sbin', 'LANG': 'C'} and shell False
DEBUG util.py:439:  Yum command has been deprecated, use dnf instead.
DEBUG util.py:439:  See 'man dnf' and 'man yum2dnf' for more information.
DEBUG util.py:439:  ==============================================================================================================================================================
DEBUG util.py:439:   Package                                    Arch                           Version                                      Repository                       Size
DEBUG util.py:439:  ==============================================================================================================================================================
DEBUG util.py:439:  Updating:
DEBUG util.py:439:   ca-certificates                            noarch                         2017.2.11-70.1.el7_3                         updates                         443 k
DEBUG util.py:439:   kernel-headers                             x86_64                         3.10.0-514.16.1.el7                          updates                         4.8 M
DEBUG util.py:439:   libblkid                                   x86_64                         2.23.2-33.el7_3.2                            updates                         170 k
DEBUG util.py:439:   libmount                                   x86_64                         2.23.2-33.el7_3.2                            updates                         172 k
DEBUG util.py:439:   libuuid                                    x86_64                         2.23.2-33.el7_3.2                            updates                          76 k
DEBUG util.py:439:   python-rpm-macros                          noarch                         3-17.el7                                     epel                            6.1 k
DEBUG util.py:439:   python-srpm-macros                         noarch                         3-17.el7                                     epel                            5.9 k
DEBUG util.py:439:   python2-rpm-macros                         noarch                         3-17.el7                                     epel                            5.6 k
DEBUG util.py:439:   systemd-libs                               x86_64                         219-30.el7_3.8                               updates                         369 k
DEBUG util.py:439:   util-linux                                 x86_64                         2.23.2-33.el7_3.2                            updates                         1.9 M
DEBUG util.py:439:  Transaction Summary
DEBUG util.py:439:  ==============================================================================================================================================================
DEBUG util.py:439:  Upgrade  10 Packages
DEBUG util.py:439:  Total size: 7.9 M
DEBUG util.py:439:  Updated:
DEBUG util.py:439:    ca-certificates.noarch 0:2017.2.11-70.1.el7_3           kernel-headers.x86_64 0:3.10.0-514.16.1.el7           libblkid.x86_64 0:2.23.2-33.el7_3.2           
DEBUG util.py:439:    libmount.x86_64 0:2.23.2-33.el7_3.2                     libuuid.x86_64 0:2.23.2-33.el7_3.2                    python-rpm-macros.noarch 0:3-17.el7           
DEBUG util.py:439:    python-srpm-macros.noarch 0:3-17.el7                    python2-rpm-macros.noarch 0:3-17.el7                  systemd-libs.x86_64 0:219-30.el7_3.8          
DEBUG util.py:439:    util-linux.x86_64 0:2.23.2-33.el7_3.2                  
DEBUG util.py:577:  Child return code was: 0
DEBUG util.py:122:  touching file: /var/lib/mock/nethserver-7-x86_64/root/.initialized
DEBUG util.py:598:  child environment: None
DEBUG util.py:522:  Executing command: ['/bin/rpm', '-Uvh', '--nodeps', '/builddir/build/originals/libsrtp-1.5.4-3.ns7.src.rpm'] with env {'HOME': '/builddir', 'SHELL': '/bin/bash', 'HOSTNAME': 'mock', 'TERM': 'vt100', 'PROMPT_COMMAND': 'printf "\\033]0;<mock-chroot>\\007"', 'PS1': '<mock-chroot> \\s-\\v\\$ ', 'PATH': '/usr/bin:/bin:/usr/sbin:/sbin', 'LANG': 'C'} and shell False
DEBUG util.py:296:  Unsharing. Flags: 134217728
DEBUG util.py:439:  Updating / installing...
DEBUG util.py:439:  libsrtp-1.5.4-3.ns7                   ########################################
DEBUG util.py:577:  Child return code was: 0
DEBUG util.py:598:  child environment: None
DEBUG util.py:522:  Executing command: ['/bin/rpm', '-qpl', '/builddir/build/originals/libsrtp-1.5.4-3.ns7.src.rpm'] with env {'HOME': '/builddir', 'SHELL': '/bin/bash', 'HOSTNAME': 'mock', 'TERM': 'vt100', 'PROMPT_COMMAND': 'printf "\\033]0;<mock-chroot>\\007"', 'PS1': '<mock-chroot> \\s-\\v\\$ ', 'PATH': '/usr/bin:/bin:/usr/sbin:/sbin', 'LANG': 'C'} and shell False
DEBUG util.py:296:  Unsharing. Flags: 134217728
DEBUG util.py:439:  config.h
DEBUG util.py:439:  libsrtp-1.5.4-shared-fix.patch
DEBUG util.py:439:  libsrtp-fix-name-collision-on-MIPS.patch
DEBUG util.py:439:  libsrtp-sha1-name-fix.patch
DEBUG util.py:439:  libsrtp-srtp_aes_encrypt.patch
DEBUG util.py:439:  libsrtp.spec
DEBUG util.py:439:  v1.5.4.tar.gz
DEBUG util.py:577:  Child return code was: 0
DEBUG util.py:598:  child environment: None
DEBUG util.py:296:  Unsharing. Flags: 134217728
DEBUG package_manager.py:104:  ['/usr/bin/yum-builddep', '--installroot', '/var/lib/mock/nethserver-7-x86_64/root/', '/var/lib/mock/nethserver-7-x86_64/root//builddir/build/SRPMS/libsrtp-1.5.4-3.ns7.src.rpm']
DEBUG util.py:598:  child environment: None
DEBUG util.py:522:  Executing command: ['/usr/bin/yum-builddep', '--installroot', '/var/lib/mock/nethserver-7-x86_64/root/', '/var/lib/mock/nethserver-7-x86_64/root//builddir/build/SRPMS/libsrtp-1.5.4-3.ns7.src.rpm'] with env {'HOME': '/builddir', 'SHELL': '/bin/bash', 'HOSTNAME': 'mock', 'TERM': 'vt100', 'PROMPT_COMMAND': 'printf "\\033]0;<mock-chroot>\\007"', 'PS1': '<mock-chroot> \\s-\\v\\$ ', 'LC_MESSAGES': 'C', 'PATH': '/usr/bin:/bin:/usr/sbin:/sbin', 'LANG': 'C'} and shell False
DEBUG util.py:439:  Yum-utils package has been deprecated, use dnf instead.
DEBUG util.py:439:  See 'man yum2dnf' for more information.
DEBUG util.py:439:  Getting requirements for libsrtp-1.5.4-3.ns7.src
DEBUG util.py:439:  No uninstalled build requires
DEBUG util.py:577:  Child return code was: 0
DEBUG util.py:598:  child environment: None
DEBUG util.py:296:  Unsharing. Flags: 134217728
DEBUG backend.py:460:  Copying packages to result dir
DEBUG util.py:188:  kill orphans
DEBUG util.py:598:  child environment: None
DEBUG util.py:522:  Executing command: ['/bin/umount', '-n', '/var/lib/mock/nethserver-7-x86_64/root/proc/filesystems'] with env {'PATH': '/usr/bin:/bin:/usr/sbin:/sbin', 'TERM': 'vt100', 'HOME': '/builddir', 'SHELL': '/bin/sh', 'HOSTNAME': 'mock', 'LANG': 'C'} and shell False
DEBUG util.py:577:  Child return code was: 0
DEBUG util.py:598:  child environment: None
DEBUG util.py:522:  Executing command: ['/bin/umount', '-n', '/var/lib/mock/nethserver-7-x86_64/root/var/cache/yum/'] with env {'PATH': '/usr/bin:/bin:/usr/sbin:/sbin', 'TERM': 'vt100', 'HOME': '/builddir', 'SHELL': '/bin/sh', 'HOSTNAME': 'mock', 'LANG': 'C'} and shell False
DEBUG util.py:577:  Child return code was: 0
DEBUG util.py:598:  child environment: None
DEBUG util.py:522:  Executing command: ['/bin/umount', '-n', '-l', '/var/lib/mock/nethserver-7-x86_64/root/dev/pts'] with env {'PATH': '/usr/bin:/bin:/usr/sbin:/sbin', 'TERM': 'vt100', 'HOME': '/builddir', 'SHELL': '/bin/sh', 'HOSTNAME': 'mock', 'LANG': 'C'} and shell False
DEBUG util.py:577:  Child return code was: 0
DEBUG util.py:598:  child environment: None
DEBUG util.py:522:  Executing command: ['/bin/umount', '-n', '-l', '/var/lib/mock/nethserver-7-x86_64/root/dev/shm'] with env {'PATH': '/usr/bin:/bin:/usr/sbin:/sbin', 'TERM': 'vt100', 'HOME': '/builddir', 'SHELL': '/bin/sh', 'HOSTNAME': 'mock', 'LANG': 'C'} and shell False
DEBUG util.py:577:  Child return code was: 0
DEBUG util.py:598:  child environment: None
DEBUG util.py:522:  Executing command: ['/bin/umount', '-n', '-l', '/var/lib/mock/nethserver-7-x86_64/root/sys'] with env {'PATH': '/usr/bin:/bin:/usr/sbin:/sbin', 'TERM': 'vt100', 'HOME': '/builddir', 'SHELL': '/bin/sh', 'HOSTNAME': 'mock', 'LANG': 'C'} and shell False
DEBUG util.py:577:  Child return code was: 0
DEBUG util.py:598:  child environment: None
DEBUG util.py:522:  Executing command: ['/bin/umount', '-n', '-l', '/var/lib/mock/nethserver-7-x86_64/root/proc'] with env {'PATH': '/usr/bin:/bin:/usr/sbin:/sbin', 'TERM': 'vt100', 'HOME': '/builddir', 'SHELL': '/bin/sh', 'HOSTNAME': 'mock', 'LANG': 'C'} and shell False
DEBUG util.py:577:  Child return code was: 0
DEBUG util.py:598:  child environment: None
DEBUG util.py:522:  Executing command: ['btrfs', 'subv', 'list', '/var/lib/mock'] with env {'PATH': '/usr/bin:/bin:/usr/sbin:/sbin', 'TERM': 'vt100', 'HOME': '/builddir', 'SHELL': '/bin/sh', 'HOSTNAME': 'mock', 'LANG': 'C'} and shell False
DEBUG util.py:439:  ERROR: not a btrfs filesystem: /var/lib/mock
DEBUG util.py:439:  ERROR: can't access '/var/lib/mock'
DEBUG util.py:577:  Child return code was: 1
DEBUG util.py:1257:  Please ignore the error above above about btrfs.
