2017-04-19 09:11:03,062 - Mock Version: 1.3.4
2017-04-19 09:11:03,890 - Start: yum update
2017-04-19 09:11:21,163 - Finish: yum update
2017-04-19 09:11:21,173 - Finish: chroot init
2017-04-19 09:11:21,177 - Start: buildsrpm
2017-04-19 09:11:21,190 - Start: rpmbuild -bs
2017-04-19 09:11:21,319 - Finish: rpmbuild -bs
2017-04-19 09:11:21,323 - Finish: buildsrpm
2017-04-19 09:11:21,324 - Start: clean chroot
2017-04-19 09:11:23,704 - Finish: clean chroot
2017-04-19 09:11:23,704 - Finish: run
2017-04-19 09:11:26,102 - Mock Version: 1.3.4
2017-04-19 09:11:28,003 - Start: yum update
2017-04-19 09:11:39,978 - Finish: yum update
2017-04-19 09:11:39,987 - Finish: chroot init
2017-04-19 09:11:39,989 - Start: build phase for libsrtp-1.5.4-3.ns7.src.rpm
2017-04-19 09:11:39,993 - Start: build setup for libsrtp-1.5.4-3.ns7.src.rpm
2017-04-19 09:11:40,365 - Finish: build setup for libsrtp-1.5.4-3.ns7.src.rpm
2017-04-19 09:11:40,365 - Start: rpmbuild libsrtp-1.5.4-3.ns7.src.rpm
2017-04-19 09:11:43,319 - Finish: rpmbuild libsrtp-1.5.4-3.ns7.src.rpm
2017-04-19 09:11:43,321 - Finish: build phase for libsrtp-1.5.4-3.ns7.src.rpm
2017-04-19 09:11:43,322 - Start: clean chroot
2017-04-19 09:11:45,758 - Finish: clean chroot
2017-04-19 09:11:45,759 - Finish: run
